<?xml version="1.0" encoding="UTF-8"?>
<!-- Generated by org.testng.reporters.JUnitXMLReporter -->
<testsuite hostname="gopika-pc" name="Default test" tests="1" failures="0" timestamp="23 Apr 2016 19:09:07 GMT" time="0.063" errors="0">
  <testcase name="@BeforeTest beforeClass" time="0.0" classname="parallel.TestParallel">
    <failure type="org.testng.TestNGException" message="
Parameter &amp;apos;myBrowser&amp;apos; is required by @Configuration on method beforeClass but has not been marked @Optional or defined
in C:\Users\gopika\AppData\Local\Temp\testng-eclipse--2107497604\testng-customsuite.xml">
      <![CDATA[org.testng.TestNGException: 
Parameter 'myBrowser' is required by @Configuration on method beforeClass but has not been marked @Optional or defined
in C:\Users\gopika\AppData\Local\Temp\testng-eclipse--2107497604\testng-customsuite.xml
	at org.testng.internal.Parameters.createParameters(Parameters.java:155)
	at org.testng.internal.Parameters.createParameters(Parameters.java:355)
	at org.testng.internal.Parameters.createConfigurationParameters(Parameters.java:86)
	at org.testng.internal.Invoker.invokeConfigurations(Invoker.java:199)
	at org.testng.internal.Invoker.invokeConfigurations(Invoker.java:138)
	at org.testng.TestRunner.beforeRun(TestRunner.java:641)
	at org.testng.TestRunner.run(TestRunner.java:609)
	at org.testng.SuiteRunner.runTest(SuiteRunner.java:334)
	at org.testng.SuiteRunner.runSequentially(SuiteRunner.java:329)
	at org.testng.SuiteRunner.privateRun(SuiteRunner.java:291)
	at org.testng.SuiteRunner.run(SuiteRunner.java:240)
	at org.testng.SuiteRunnerWorker.runSuite(SuiteRunnerWorker.java:52)
	at org.testng.SuiteRunnerWorker.run(SuiteRunnerWorker.java:86)
	at org.testng.TestNG.runSuitesSequentially(TestNG.java:1198)
	at org.testng.TestNG.runSuitesLocally(TestNG.java:1123)
	at org.testng.TestNG.run(TestNG.java:1031)
	at org.testng.remote.AbstractRemoteTestNG.run(AbstractRemoteTestNG.java:126)
	at org.testng.remote.RemoteTestNG.initAndRun(RemoteTestNG.java:75)
	at org.testng.remote.RemoteTestNG.main(RemoteTestNG.java:46)
]]>
    </failure>
  </testcase> <!-- @BeforeTest beforeClass -->
  <testcase name="@AfterClass afterClass" time="0.0" classname="parallel.TestParallel">
    <skipped/>
  </testcase> <!-- @AfterClass afterClass -->
  <testcase name="test_01" time="0.015" classname="parallel.TestParallel">
    <skipped/>
  </testcase> <!-- test_01 -->
</testsuite> <!-- Default test -->
